<?xml version="1.0" encoding="UTF-8"?>
<testsuite xmlns:xsi="http://www.w3.org/2001/XMLSchema-instance" xsi:noNamespaceSchemaLocation="https://maven.apache.org/surefire/maven-surefire-plugin/xsd/surefire-test-report-3.0.xsd" version="3.0" name="com.example.rentacar.repository.CustomerRepositoryTest" time="6.745" tests="1" errors="0" skipped="0" failures="0">
  <properties>
[...]
</properties>
  <testcase name="shouldSaveCustomer" classname="com.example.rentacar.repository.CustomerRepositoryTest" time="0.862">
    <system-out><![CDATA[21:38:53.919 [main] INFO org.springframework.test.context.support.AnnotationConfigContextLoaderUtils -- Could not detect default configuration classes for test class [com.example.rentacar.repository.CustomerRepositoryTest]: CustomerRepositoryTest does not declare any static, non-private, non-final, nested classes annotated with @Configuration.
21:38:54.130 [main] INFO org.springframework.boot.test.context.SpringBootTestContextBootstrapper -- Found @SpringBootConfiguration com.example.rentacar.RentaCarApplication for test class com.example.rentacar.repository.CustomerRepositoryTest
21:38:54.271 [main] INFO org.springframework.boot.devtools.restart.RestartApplicationListener -- Restart disabled due to context in which it is running

  .   ____          _            __ _ _
 /\\ / ___'_ __ _ _(_)_ __  __ _ \ \ \ \
( ( )\___ | '_ | '_| | '_ \/ _` | \ \ \ \
 \\/  ___)| |_)| | | | | || (_| |  ) ) ) )
  '  |____| .__|_| |_|_| |_\__, | / / / /
 =========|_|==============|___/=/_/_/_/
 :: Spring Boot ::               (v3.2.11)

2026-08-31T21:38:54.799-07:00  INFO 35720 --- [rentacar] [           main] c.e.r.repository.CustomerRepositoryTest  : Starting CustomerRepositoryTest using Java 21.0.11 with PID 35720 (started by uyenhoang in /Users/uyenhoang/Documents/MIU/SE/src/CS425SE/prj/RentaCar)
2026-08-31T21:38:54.800-07:00  INFO 35720 --- [rentacar] [           main] c.e.r.repository.CustomerRepositoryTest  : No active profile set, falling back to 1 default profile: "default"
2026-08-31T21:38:55.353-07:00  INFO 35720 --- [rentacar] [           main] .s.d.r.c.RepositoryConfigurationDelegate : Bootstrapping Spring Data JPA repositories in DEFAULT mode.
2026-08-31T21:38:55.449-07:00  INFO 35720 --- [rentacar] [           main] .s.d.r.c.RepositoryConfigurationDelegate : Finished Spring Data repository scanning in 84 ms. Found 6 JPA repository interfaces.
2026-08-31T21:38:55.981-07:00  INFO 35720 --- [rentacar] [           main] o.hibernate.jpa.internal.util.LogHelper  : HHH000204: Processing PersistenceUnitInfo [name: default]
2026-08-31T21:38:56.086-07:00  INFO 35720 --- [rentacar] [           main] org.hibernate.Version                    : HHH000412: Hibernate ORM core version 6.4.10.Final
2026-08-31T21:38:56.141-07:00  INFO 35720 --- [rentacar] [           main] o.h.c.internal.RegionFactoryInitiator    : HHH000026: Second-level cache disabled
2026-08-31T21:38:56.514-07:00  INFO 35720 --- [rentacar] [           main] o.s.o.j.p.SpringPersistenceUnitInfo      : No LoadTimeWeaver setup: ignoring JPA class transformer
2026-08-31T21:38:56.552-07:00  INFO 35720 --- [rentacar] [           main] com.zaxxer.hikari.HikariDataSource       : HikariPool-1 - Starting...
2026-08-31T21:38:56.820-07:00  INFO 35720 --- [rentacar] [           main] com.zaxxer.hikari.pool.HikariPool        : HikariPool-1 - Added connection com.mysql.cj.jdbc.ConnectionImpl@6ac45c0c
2026-08-31T21:38:56.822-07:00  INFO 35720 --- [rentacar] [           main] com.zaxxer.hikari.HikariDataSource       : HikariPool-1 - Start completed.
2026-08-31T21:38:56.892-07:00  WARN 35720 --- [rentacar] [           main] org.hibernate.orm.deprecation            : HHH90000025: MySQLDialect does not need to be specified explicitly using 'hibernate.dialect' (remove the property setting and it will be selected by default)
2026-08-31T21:38:58.204-07:00  INFO 35720 --- [rentacar] [           main] o.h.e.t.j.p.i.JtaPlatformInitiator       : HHH000489: No JTA platform available (set 'hibernate.transaction.jta.platform' to enable JTA platform integration)
Hibernate: 
    create table customers (
        id bigint not null auto_increment,
        address varchar(255) not null,
        email varchar(255) not null,
        first_name varchar(255) not null,
        last_name varchar(255) not null,
        license_number varchar(255) not null,
        phone varchar(255) not null,
        primary key (id)
    ) engine=InnoDB
Hibernate: 
    create table payments (
        id bigint not null auto_increment,
        amount float(53) not null,
        payment_method varchar(255) not null,
        status varchar(255) not null,
        reservation_id bigint not null,
        primary key (id)
    ) engine=InnoDB
Hibernate: 
    create table reservations (
        id bigint not null auto_increment,
        end_date date not null,
        start_date date not null,
        status varchar(255) not null,
        total_price float(53) not null,
        customer_id bigint not null,
        vehicle_id bigint not null,
        primary key (id)
    ) engine=InnoDB
Hibernate: 
    create table students (
        student_id bigint not null auto_increment,
        cgpa float(53),
        enrollment_date date not null,
        first_name varchar(255) not null,
        international bit not null,
        last_name varchar(255) not null,
        middle_name varchar(255),
        student_number varchar(255) not null,
        primary key (student_id)
    ) engine=InnoDB
Hibernate: 
    create table users (
        id bigint not null auto_increment,
        password varchar(255) not null,
        role varchar(255) not null,
        username varchar(255) not null,
        primary key (id)
    ) engine=InnoDB
Hibernate: 
    create table vehicles (
        id bigint not null auto_increment,
        daily_rate float(53) not null,
        make varchar(255) not null,
        model varchar(255) not null,
        plate_number varchar(255) not null,
        status varchar(255) not null,
        vehicle_type varchar(255) not null,
        primary key (id)
    ) engine=InnoDB
Hibernate: 
    alter table customers 
       drop index UK_rfbvkrffamfql7cjmen8v976v
Hibernate: 
    alter table customers 
       add constraint UK_rfbvkrffamfql7cjmen8v976v unique (email)
Hibernate: 
    alter table customers 
       drop index UK_ng40ph7hht1sk7glimgycogb9
Hibernate: 
    alter table customers 
       add constraint UK_ng40ph7hht1sk7glimgycogb9 unique (license_number)
Hibernate: 
    alter table payments 
       drop index UK_e7qdxh4fch1yfisduker8j6w2
Hibernate: 
    alter table payments 
       add constraint UK_e7qdxh4fch1yfisduker8j6w2 unique (reservation_id)
Hibernate: 
    alter table students 
       drop index UK_h7gboo6v79gig1eo7lt1fubew
Hibernate: 
    alter table students 
       add constraint UK_h7gboo6v79gig1eo7lt1fubew unique (student_number)
Hibernate: 
    alter table users 
       drop index UK_r43af9ap4edm43mmtq01oddj6
Hibernate: 
    alter table users 
       add constraint UK_r43af9ap4edm43mmtq01oddj6 unique (username)
Hibernate: 
    alter table vehicles 
       drop index UK_h6kd0awsaislk5n2f3ea1hhuq
Hibernate: 
    alter table vehicles 
       add constraint UK_h6kd0awsaislk5n2f3ea1hhuq unique (plate_number)
Hibernate: 
    alter table payments 
       add constraint FKp8yh4sjt3u0g6aru1oxfh3o14 
       foreign key (reservation_id) 
       references reservations (id)
Hibernate: 
    alter table reservations 
       add constraint FK8eccffekcj27jkdiyw2e9r8ks 
       foreign key (customer_id) 
       references customers (id)
Hibernate: 
    alter table reservations 
       add constraint FK7s1rlt0ccv2hjeaubf52di8er 
       foreign key (vehicle_id) 
       references vehicles (id)
2026-08-31T21:38:58.939-07:00  INFO 35720 --- [rentacar] [           main] j.LocalContainerEntityManagerFactoryBean : Initialized JPA EntityManagerFactory for persistence unit 'default'
2026-08-31T21:38:59.473-07:00  INFO 35720 --- [rentacar] [           main] c.e.r.repository.CustomerRepositoryTest  : Started CustomerRepositoryTest in 5.222 seconds (process running for 6.789)
Hibernate: 
    insert 
    into
        customers
        (address, email, first_name, last_name, license_number, phone) 
    values
        (?, ?, ?, ?, ?, ?)
]]></system-out>
    <system-err><![CDATA[WARNING: A Java agent has been loaded dynamically (/Users/uyenhoang/.m2/repository/net/bytebuddy/byte-buddy-agent/1.14.19/byte-buddy-agent-1.14.19.jar)
WARNING: If a serviceability tool is in use, please run with -XX:+EnableDynamicAgentLoading to hide this warning
WARNING: If a serviceability tool is not in use, please run with -Djdk.instrument.traceUsage for more information
WARNING: Dynamic loading of agents will be disallowed by default in a future release
]]></system-err>
  </testcase>
</testsuite>